{
  "stats": {
    "suites": 1,
    "tests": 1,
    "passes": 1,
    "pending": 0,
    "failures": 0,
    "start": "2022-07-19T02:19:17.337Z",
    "end": "2022-07-19T02:19:18.324Z",
    "duration": 987,
    "testsRegistered": 1,
    "passPercent": 100,
    "pendingPercent": 0,
    "other": 0,
    "hasOther": false,
    "skipped": 0,
    "hasSkipped": false
  },
  "results": [
    {
      "uuid": "9b9f1e6d-10de-462d-bdeb-baa83829e750",
      "title": "",
      "fullFile": "cypress/e2e/first-test.cy.js",
      "file": "cypress/e2e/first-test.cy.js",
      "beforeHooks": [],
      "afterHooks": [],
      "tests": [],
      "suites": [
        {
          "uuid": "e1e2b30f-84d4-4ac1-8fd4-40c8b3ec193f",
          "title": "BUTTON CONTAINS HI",
          "fullFile": "",
          "file": "",
          "beforeHooks": [],
          "afterHooks": [],
          "tests": [
            {
              "title": "looks inside the head content using `cy.document()`",
              "fullTitle": "BUTTON CONTAINS HI looks inside the head content using `cy.document()`",
              "timedOut": null,
              "duration": 755,
              "state": "passed",
              "speed": "fast",
              "pass": true,
              "fail": false,
              "pending": false,
              "context": null,
              "code": "cy.get('#button123').contains('HI!!!!');",
              "err": {},
              "uuid": "a0196f19-e866-4606-a13e-6331a03337ee",
              "parentUUID": "e1e2b30f-84d4-4ac1-8fd4-40c8b3ec193f",
              "isHook": false,
              "skipped": false
            }
          ],
          "suites": [],
          "passes": [
            "a0196f19-e866-4606-a13e-6331a03337ee"
          ],
          "failures": [],
          "pending": [],
          "skipped": [],
          "duration": 755,
          "root": false,
          "rootEmpty": false,
          "_timeout": 2000
        }
      ],
      "passes": [],
      "failures": [],
      "pending": [],
      "skipped": [],
      "duration": 0,
      "root": true,
      "rootEmpty": true,
      "_timeout": 2000
    }
  ],
  "meta": {
    "mocha": {
      "version": "7.0.1"
    },
    "mochawesome": {
      "options": {
        "quiet": false,
        "reportFilename": "[name]",
        "saveHtml": false,
        "saveJson": true,
        "consoleReporter": "spec",
        "useInlineDiffs": false,
        "code": true
      },
      "version": "7.1.3"
    },
    "marge": {
      "options": {
        "reportDir": "cypress/results",
        "reportFilename": "[name]",
        "overwrite": true,
        "html": false,
        "json": true
      },
      "version": "6.2.0"
    }
  }
}